date :  25/03/2024 17:00:06
file :  data/auto93.csv
repeats : 20
seed :  7878787
rows :  398
cols :  6
#base #bonr9 #rand9 #bonr15 #rand15 #bonr20 #rand20 #rand358 
best :  0.25
tiny :  0.03
#
 0,              rand358,  0.25,  0.00, *                   |                   ,  0.25,  0.72
#
207,               bonr20,  0.30,  0.05,  ---*-              |                   ,  0.25,  0.72
#
237,               bonr15,  0.31,  0.03,    -*               |                   ,  0.25,  0.72
237,               rand20,  0.31,  0.03,     -*              |                   ,  0.25,  0.72
237,                bonr9,  0.32,  0.08,    ---*--           |                   ,  0.25,  0.72
237,               rand15,  0.32,  0.06,     --*--           |                   ,  0.25,  0.72
237,                rand9,  0.33,  0.06,     --*--           |                   ,  0.25,  0.72
#
 0,                 base,  0.43,  0.11,            ----*----|                   ,  0.25,  0.72
