--------TREE--------

|.. 
|.. |.. 
|.. |.. |.. 
|.. |.. |.. |.. 0.41	[3.8333333333333335, 92.33333333333333, 0, 77.04166666666666, 3, 2136.6666666666665, 16.475000000000005, 28.750000000000004]
|.. |.. |.. |.. 0.48	[4.0, 98.71999999999997, 0, 80.80000000000001, 3, 2146.16, 16.624000000000002, 35.2]
|.. |.. |.. 
|.. |.. |.. |.. 0.4	[4.0, 102.92, 0, 72.04, 2, 2297.92, 16.8, 26.000000000000004]
|.. |.. |.. |.. 0.37	[4.32, 108.64, 0, 73.32000000000001, 3, 2297.52, 15.856000000000005, 26.000000000000004]
|.. |.. 
|.. |.. |.. 
|.. |.. |.. |.. 0.48	[4.6000000000000005, 122.88000000000001, 0, 79.4, 2, 2612.7200000000003, 17.491999999999997, 31.2]
|.. |.. |.. |.. 0.4	[4.0, 105.35999999999999, 0, 76.60000000000001, 2, 2365.84, 15.964, 28.800000000000004]
|.. |.. |.. 
|.. |.. |.. |.. 0.42	[4.0, 109.40000000000002, 0, 78.23999999999998, 1, 2311.3999999999996, 16.556, 29.200000000000003]
|.. |.. |.. |.. 0.43	[4.0, 123.41999999999999, 0, 79.92, 1, 2450.480000000001, 16.192, 30.400000000000002]
|.. 
|.. |.. 
|.. |.. |.. 
|.. |.. |.. |.. 0.41	[5.333333333333332, 193.70833333333331, 0, 80.08333333333333, 1, 2966.583333333333, 15.733333333333338, 25.0]
|.. |.. |.. |.. 0.4	[4.88, 169.72, 0, 75.64, 1, 2838.36, 16.8, 22.000000000000004]
|.. |.. |.. 
|.. |.. |.. |.. 0.39	[6.0, 229.72000000000003, 0, 72.16000000000001, 1, 3100.6, 15.84, 20.0]
|.. |.. |.. |.. 0.47	[6.24, 244.00000000000003, 0, 76.08000000000003, 1, 3431.9999999999995, 17.532, 20.0]
|.. |.. 
|.. |.. |.. 
|.. |.. |.. |.. 0.43	[8.0, 330.24, 0, 70.92000000000002, 1, 4025.2, 12.66, 14.0]
|.. |.. |.. |.. 0.48	[8.0, 405.6, 0, 71.84000000000002, 1, 4452.32, 11.259999999999998, 11.199999999999998]
|.. |.. |.. 
|.. |.. |.. |.. 0.45	[8.0, 321.36000000000007, 0, 74.39999999999999, 1, 4082.96, 13.503999999999998, 14.4]
|.. |.. |.. |.. 0.46	[8.0, 332.76, 0, 77.88000000000001, 1, 3976.56, 13.844, 19.600000000000005]

                0.4 [5.454773869346733, 193.42587939698493, 0, 76.01005025125623, 1, 2970.424623115579, 15.568090452261302, 23.844221105527648]
                _	['Clndrs', 'Volume', 'HpX', 'Model', 'origin', 'Lbs-', 'Acc+', 'Mpg+']
evals:  16



--------BRANCH--------
centroid of output cluster:
 [6.0, 231.04166666666669, 0, 72.08333333333333, 1, 3100.5416666666665, 15.812500000000002, 20.0]
evals:  5



--------DOUBLE TAP--------
centroid of best of 4 cluster:
 [8.0, 308.0, 0, 73.0, 1, 3983.6666666666665, 13.5, 10.0]
evals:  9
