Analysing diabetes.csv
+--------------------+----------+--------------+----------+
|Class               |Count     |Percentage    |Total Rows|
+--------------------+----------+--------------+----------+
|positive            |268       |34.90%        |768       |
|negative            |500       |65.10%        |768       |
+--------------------+----------+--------------+----------+
|Total Classes       |2         |100.00%       |768       |
+--------------------+----------+--------------+----------+

Analysing: soybean.csv
+-----------------------------------+---------+--------------+----------+
|Class                              |Count    |Percentage    |Total Rows|
+-----------------------------------+---------+--------------+----------+
| diaporthe-stem-canker             |20       |2.93%         |683       |
| charcoal-rot                      |20       |2.93%         |683       |
| rhizoctonia-root-rot              |20       |2.93%         |683       |
| phytophthora-rot                  |88       |12.88%        |683       |
| brown-stem-rot                    |44       |6.44%         |683       |
| powdery-mildew                    |20       |2.93%         |683       |
| downy-mildew                      |20       |2.93%         |683       |
| brown-spot                        |92       |13.47%        |683       |
| bacterial-blight                  |20       |2.93%         |683       |
| bacterial-pustule                 |20       |2.93%         |683       |
| purple-seed-stain                 |20       |2.93%         |683       |
| anthracnose                       |44       |6.44%         |683       |
| phyllosticta-leaf-spot            |20       |2.93%         |683       |
| alternarialeaf-spot               |91       |13.32%        |683       |
| frog-eye-leaf-spot                |91       |13.32%        |683       |
| diaporthe-pod-&-stem-blight       |15       |2.20%         |683       |
| cyst-nematode                     |14       |2.05%         |683       |
| 2-4-d-injury                      |16       |2.34%         |683       |
| herbicide-injury                  |8        |1.17%         |683       |
+-----------------------------------+---------+--------------+----------+
|Total Classes                      |19       |100.00%       |683       |
+-----------------------------------+---------+--------------+----------+

